ERROR - 2024-10-22 01:16:51 --> Error connecting to the database: mysqli_sql_exception: No connection could be made because the target machine actively refused it in C:\cafe\system\Database\MySQLi\Connection.php:186
Stack trace:
#0 C:\cafe\system\Database\MySQLi\Connection.php(186): mysqli->real_connect('localhost', 'root', Object(SensitiveParameterValue), 'cafe', 3306, '', 0)
#1 C:\cafe\system\Database\BaseConnection.php(421): CodeIgniter\Database\MySQLi\Connection->connect(false)
#2 C:\cafe\system\Database\BaseConnection.php(616): CodeIgniter\Database\BaseConnection->initialize()
#3 C:\cafe\system\Database\BaseBuilder.php(1673): CodeIgniter\Database\BaseConnection->query('SELECT COUNT(*)...', NULL, false)
#4 C:\cafe\system\Model.php(930): CodeIgniter\Database\BaseBuilder->countAll()
#5 C:\cafe\app\Controllers\DashboardController.php(22): CodeIgniter\Model->__call('countAll', Array)
#6 C:\cafe\system\CodeIgniter.php(933): App\Controllers\DashboardController->index()
#7 C:\cafe\system\CodeIgniter.php(509): CodeIgniter\CodeIgniter->runController(Object(App\Controllers\DashboardController))
#8 C:\cafe\system\CodeIgniter.php(355): CodeIgniter\CodeIgniter->handleRequest(NULL, Object(Config\Cache), false)
#9 C:\cafe\system\Boot.php(325): CodeIgniter\CodeIgniter->run()
#10 C:\cafe\system\Boot.php(67): CodeIgniter\Boot::runCodeIgniter(Object(CodeIgniter\CodeIgniter))
#11 C:\cafe\public\index.php(56): CodeIgniter\Boot::bootWeb(Object(Config\Paths))
#12 C:\cafe\system\rewrite.php(44): require_once('C:\\cafe\\public\\...')
#13 {main}

Next CodeIgniter\Database\Exceptions\DatabaseException: No connection could be made because the target machine actively refused it in C:\cafe\system\Database\MySQLi\Connection.php:231
Stack trace:
#0 C:\cafe\system\Database\BaseConnection.php(421): CodeIgniter\Database\MySQLi\Connection->connect(false)
#1 C:\cafe\system\Database\BaseConnection.php(616): CodeIgniter\Database\BaseConnection->initialize()
#2 C:\cafe\system\Database\BaseBuilder.php(1673): CodeIgniter\Database\BaseConnection->query('SELECT COUNT(*)...', NULL, false)
#3 C:\cafe\system\Model.php(930): CodeIgniter\Database\BaseBuilder->countAll()
#4 C:\cafe\app\Controllers\DashboardController.php(22): CodeIgniter\Model->__call('countAll', Array)
#5 C:\cafe\system\CodeIgniter.php(933): App\Controllers\DashboardController->index()
#6 C:\cafe\system\CodeIgniter.php(509): CodeIgniter\CodeIgniter->runController(Object(App\Controllers\DashboardController))
#7 C:\cafe\system\CodeIgniter.php(355): CodeIgniter\CodeIgniter->handleRequest(NULL, Object(Config\Cache), false)
#8 C:\cafe\system\Boot.php(325): CodeIgniter\CodeIgniter->run()
#9 C:\cafe\system\Boot.php(67): CodeIgniter\Boot::runCodeIgniter(Object(CodeIgniter\CodeIgniter))
#10 C:\cafe\public\index.php(56): CodeIgniter\Boot::bootWeb(Object(Config\Paths))
#11 C:\cafe\system\rewrite.php(44): require_once('C:\\cafe\\public\\...')
#12 {main}
CRITICAL - 2024-10-22 01:16:51 --> CodeIgniter\Database\Exceptions\DatabaseException: Unable to connect to the database.
Main connection [MySQLi]: No connection could be made because the target machine actively refused it
[Method: GET, Route: dashboard]
in SYSTEMPATH\Database\BaseConnection.php on line 467.
 1 SYSTEMPATH\Database\BaseConnection.php(616): CodeIgniter\Database\BaseConnection->initialize()
 2 SYSTEMPATH\Database\BaseBuilder.php(1673): CodeIgniter\Database\BaseConnection->query('SELECT COUNT(*) AS `numrows` FROM `pelanggan`', null, false)
 3 SYSTEMPATH\Model.php(930): CodeIgniter\Database\BaseBuilder->countAll()
 4 APPPATH\Controllers\DashboardController.php(22): CodeIgniter\Model->__call('countAll', [])
 5 SYSTEMPATH\CodeIgniter.php(933): App\Controllers\DashboardController->index()
 6 SYSTEMPATH\CodeIgniter.php(509): CodeIgniter\CodeIgniter->runController(Object(App\Controllers\DashboardController))
 7 SYSTEMPATH\CodeIgniter.php(355): CodeIgniter\CodeIgniter->handleRequest(null, Object(Config\Cache), false)
 8 SYSTEMPATH\Boot.php(325): CodeIgniter\CodeIgniter->run()
 9 SYSTEMPATH\Boot.php(67): CodeIgniter\Boot::runCodeIgniter(Object(CodeIgniter\CodeIgniter))
10 FCPATH\index.php(56): CodeIgniter\Boot::bootWeb(Object(Config\Paths))
11 SYSTEMPATH\rewrite.php(44): require_once('C:\\cafe\\public\\index.php')
